###############################################################
#  Generated by:      Cadence Innovus 22.17-s086_1
#  OS:                Linux x86_64(Host ID vlsiktmt)
#  Generated on:      Wed Jun 17 15:57:21 2026
#  Design:            DatapathPipelined
#  Command:           report_ccopt_skew_groups -file ./rpt/03_cts/ccopt_skew_groups.rpt
###############################################################

Skew Group Structure:
=====================

--------------------------------------------------------------------
Skew Group       Sources    Constrained Sinks    Unconstrained Sinks
--------------------------------------------------------------------
clk/func_mode       1             3358                    0
--------------------------------------------------------------------

Skew Group Summary:
===================

-------------------------------------------------------------------------------------------------------------------------------------------------------------------------------
Timing Corner                      Skew Group       ID Target    Min ID    Max ID    Avg ID    Std.Dev. ID    Skew Target Type    Skew Target    Skew     Skew window occupancy
-------------------------------------------------------------------------------------------------------------------------------------------------------------------------------
typical_delay_corner:both.early    clk/func_mode        -        0.181     0.247     0.219        0.011       ignored                  -         0.066              -
typical_delay_corner:both.late     clk/func_mode    none         0.181     0.247     0.219        0.011       explicit             0.150         0.066    100% {0.181, 0.247}
-------------------------------------------------------------------------------------------------------------------------------------------------------------------------------

* - indicates that target was not met.

Skew Group Min/Max path pins:
=============================

----------------------------------------------------------------------------------------
Timing Corner                      Skew Group       Min ID    PathID    Max ID    PathID
----------------------------------------------------------------------------------------
typical_delay_corner:both.early    clk/func_mode    0.181       1       0.247       2
-    min div_u/stage_divisor_reg[10][11]/CK
-    max div_u/stage_remainder_reg[11][30]/CK
typical_delay_corner:both.late     clk/func_mode    0.181       3       0.247       4
-    min div_u/stage_divisor_reg[10][11]/CK
-    max div_u/stage_remainder_reg[11][30]/CK
----------------------------------------------------------------------------------------

Timing for timing corner typical_delay_corner:both.early, min clock_path:
=========================================================================

PathID    : 1
Path type : skew group clk/func_mode (path 1 of 1)
Start     : clk
End       : div_u/stage_divisor_reg[10][11]/CK
Delay     : 0.181

-----------------------------------------------------------------------------------------------
Name  Lib cell   Event  Incr   Arrival  Slew   Cap    Location         Distance  Fanout  Status
                        (ns)   (ns)     (ns)   (pF)                    (um)              
-- Clockpath trace ----------------------------------------------------------------------------
clk
-     -          rise   -       0.000   0.004  0.081  (0.000,0.295)    -            4    
CTS_ccl_a_buf_00108/A
-     CLKBUFX12  rise   0.005   0.005   0.050  -      (36.005,63.155)   98.865   -       
CTS_ccl_a_buf_00108/Y
-     CLKBUFX12  rise   0.061   0.066   0.089  0.101  (35.580,63.495)    0.765     24    
div_u/CTS_ccl_a_buf_00080/A
-     CLKBUFX3   rise   0.003   0.068   0.093  -      (41.900,63.175)    6.640   -       
div_u/CTS_ccl_a_buf_00080/Y
-     CLKBUFX3   rise   0.113   0.181   0.141  0.045  (41.685,62.590)    0.800     32    
div_u/stage_divisor_reg[10][11]/CK
-     DFFHQX1    rise   0.000   0.181   0.141  -      (40.235,64.938)    3.797   -       
-----------------------------------------------------------------------------------------------

Timing for timing corner typical_delay_corner:both.early, max clock_path:
=========================================================================

PathID    : 2
Path type : skew group clk/func_mode (path 1 of 1)
Start     : clk
End       : div_u/stage_remainder_reg[11][30]/CK
Delay     : 0.247

------------------------------------------------------------------------------------------------
Name  Lib cell   Event  Incr   Arrival  Slew   Cap    Location          Distance  Fanout  Status
                        (ns)   (ns)     (ns)   (pF)                     (um)              
-- Clockpath trace -----------------------------------------------------------------------------
clk
-     -          rise   -       0.000   0.004  0.081  (0.000,0.295)     -            4    
CTS_ccl_a_buf_00108/A
-     CLKBUFX12  rise   0.005   0.005   0.050  -      (36.005,63.155)    98.865   -       
CTS_ccl_a_buf_00108/Y
-     CLKBUFX12  rise   0.061   0.066   0.089  0.101  (35.580,63.495)     0.765     24    
div_u/CTS_ccl_a_buf_00086/A
-     BUFX2      rise   0.031   0.097   0.112  -      (41.700,109.345)   51.970   -       
div_u/CTS_ccl_a_buf_00086/Y
-     BUFX2      rise   0.147   0.244   0.184  0.042  (41.335,109.810)    0.830     32    
div_u/stage_remainder_reg[11][30]/CK
-     DFFHQX1    rise   0.003   0.247   0.184  -      (63.435,114.422)   26.712   -       
------------------------------------------------------------------------------------------------

Timing for timing corner typical_delay_corner:both.late, min clock_path:
========================================================================

PathID    : 3
Path type : skew group clk/func_mode (path 1 of 1)
Start     : clk
End       : div_u/stage_divisor_reg[10][11]/CK
Delay     : 0.181

-----------------------------------------------------------------------------------------------
Name  Lib cell   Event  Incr   Arrival  Slew   Cap    Location         Distance  Fanout  Status
                        (ns)   (ns)     (ns)   (pF)                    (um)              
-- Clockpath trace ----------------------------------------------------------------------------
clk
-     -          rise   -       0.000   0.004  0.081  (0.000,0.295)    -            4    
CTS_ccl_a_buf_00108/A
-     CLKBUFX12  rise   0.005   0.005   0.050  -      (36.005,63.155)   98.865   -       
CTS_ccl_a_buf_00108/Y
-     CLKBUFX12  rise   0.061   0.066   0.089  0.101  (35.580,63.495)    0.765     24    
div_u/CTS_ccl_a_buf_00080/A
-     CLKBUFX3   rise   0.003   0.068   0.093  -      (41.900,63.175)    6.640   -       
div_u/CTS_ccl_a_buf_00080/Y
-     CLKBUFX3   rise   0.113   0.181   0.141  0.045  (41.685,62.590)    0.800     32    
div_u/stage_divisor_reg[10][11]/CK
-     DFFHQX1    rise   0.000   0.181   0.141  -      (40.235,64.938)    3.797   -       
-----------------------------------------------------------------------------------------------

Timing for timing corner typical_delay_corner:both.late, max clock_path:
========================================================================

PathID    : 4
Path type : skew group clk/func_mode (path 1 of 1)
Start     : clk
End       : div_u/stage_remainder_reg[11][30]/CK
Delay     : 0.247

------------------------------------------------------------------------------------------------
Name  Lib cell   Event  Incr   Arrival  Slew   Cap    Location          Distance  Fanout  Status
                        (ns)   (ns)     (ns)   (pF)                     (um)              
-- Clockpath trace -----------------------------------------------------------------------------
clk
-     -          rise   -       0.000   0.004  0.081  (0.000,0.295)     -            4    
CTS_ccl_a_buf_00108/A
-     CLKBUFX12  rise   0.005   0.005   0.050  -      (36.005,63.155)    98.865   -       
CTS_ccl_a_buf_00108/Y
-     CLKBUFX12  rise   0.061   0.066   0.089  0.101  (35.580,63.495)     0.765     24    
div_u/CTS_ccl_a_buf_00086/A
-     BUFX2      rise   0.031   0.097   0.112  -      (41.700,109.345)   51.970   -       
div_u/CTS_ccl_a_buf_00086/Y
-     BUFX2      rise   0.147   0.244   0.184  0.042  (41.335,109.810)    0.830     32    
div_u/stage_remainder_reg[11][30]/CK
-     DFFHQX1    rise   0.003   0.247   0.184  -      (63.435,114.422)   26.712   -       
------------------------------------------------------------------------------------------------

