###############################################################
#  Generated by:      Cadence Innovus 22.17-s086_1
#  OS:                Linux x86_64(Host ID vlsiktmt)
#  Generated on:      Wed Jun 17 15:57:21 2026
#  Design:            DatapathPipelined
#  Command:           report_ccopt_clock_trees -file ./rpt/03_cts/ccopt_clock_trees.rpt
###############################################################

Clock DAG stats:
================

---------------------------------------------------------
Cell type                 Count    Area       Capacitance
---------------------------------------------------------
Buffers                    109     238.716       0.106
Inverters                    0       0.000       0.000
Integrated Clock Gates       0       0.000       0.000
Discrete Clock Gates         0       0.000       0.000
Clock Logic                  0       0.000       0.000
All                        109     238.716       0.106
---------------------------------------------------------

Clock DAG miscellaneous counts:
===============================

------------------------------
Type                     Count
------------------------------
Roots                      1
Preserved Ports            0
Multiple Clock Inputs      0
------------------------------


Clock DAG sink counts:
======================

-------------------------
Sink type           Count
-------------------------
Regular             3358
Enable Latch           0
Load Capacitance       0
Antenna Diode          0
Node Sink              0
Total               3358
-------------------------


Clock DAG wire lengths:
=======================

--------------------
Type     Wire Length
--------------------
Top           0.000
Trunk      2046.895
Leaf      12198.925
Total     14245.820
--------------------


Clock DAG hp wire lengths:
==========================

-----------------------
Type     hp Wire Length
-----------------------
Top            0.000
Trunk        879.550
Leaf        5418.202
Total       6297.752
-----------------------


Clock DAG capacitances:
=======================

--------------------------------
Type     Gate     Wire     Total
--------------------------------
Top      0.000    0.000    0.000
Trunk    0.106    0.394    0.500
Leaf     2.126    2.308    4.434
Total    2.233    2.702    4.934
--------------------------------


Clock DAG sink capacitances:
============================

-----------------------------------------------
Total    Average    Std. Dev.    Min      Max
-----------------------------------------------
2.126     0.001       0.000      0.001    0.001
-----------------------------------------------


Clock DAG net violations:
=========================

None


Clock DAG primary half-corner transition distribution:
======================================================

----------------------------------------------------------------------------------------------------------------------------------------------------------------
Net Type    Target    Count    Average    Std. Dev.    Min      Max      Distribution                                                                Over Target
----------------------------------------------------------------------------------------------------------------------------------------------------------------
Trunk       0.800        5      0.091       0.017      0.074    0.114    {5 <= 0.480ns, 0 <= 0.640ns, 0 <= 0.720ns, 0 <= 0.760ns, 0 <= 0.800ns}           -
Leaf        0.800      105      0.135       0.017      0.110    0.184    {105 <= 0.480ns, 0 <= 0.640ns, 0 <= 0.720ns, 0 <= 0.760ns, 0 <= 0.800ns}         -
----------------------------------------------------------------------------------------------------------------------------------------------------------------


Clock DAG library cell distribution:
====================================

------------------------------------------
Name         Type      Inst     Inst Area 
                       Count    (um^2)
------------------------------------------
CLKBUFX20    buffer      1         8.208
CLKBUFX16    buffer      1         6.840
CLKBUFX12    buffer      2        10.260
CLKBUFX4     buffer      6        14.364
CLKBUFX3     buffer     87       178.524
BUFX2        buffer     12        20.520
------------------------------------------



Please note that the following tables reflect only the defined clock trees, so the flop counts might not include all flops in your design.

Clock Tree Summary:
===================

---------------------------------------------------------------------------------------------------------------------
Clock Tree  Clock  Bufs  Invs  Other  Max       Max     Max     Max          Standard   Wire   Gate   Clock Tree Root
Name        Gates              Clock  Non-leaf  Leaf    Length  Source-sink  cell area  cap    cap    
                               Cells  Fanout    Fanout  (um)    Resistance   (um^2)     (pF)   (pF)   
                                                                (Ohms)                                
---------------------------------------------------------------------------------------------------------------------
clk           0    109    0      0       27       32    395.78    8730.33     238.716   2.702  2.233  clk
---------------------------------------------------------------------------------------------------------------------

Clock Sink Summary:
===================

-------------------------------------------------------------------------------------------------------------------------------------------
Clock Tree  Explicit      Implicit      Explicit     Implicit     Explicit   Implicit   Posedge  Negedge  Memory  Enable  Non enable  Other
Name        exclude pins  exclude pins  ignore pins  ignore pins  stop pins  stop pins  Flops    Flops    Clock   Latch   Latch       Sinks
                                                                                                          Pins    Sinks   Sinks       
-------------------------------------------------------------------------------------------------------------------------------------------
clk              0             0             0            0           0          0       3358       0       0       0         0         0
-------------------------------------------------------------------------------------------------------------------------------------------

Summary across all clock trees:
===============================

------------------------------------------------------------------------------------------------------------
Clock  Bufs  Invs  Other  Max       Average   Max     Average  Max      Max          Standard   Wire   Gate
Gates              Clock  Non-leaf  Non-leaf  Leaf    Leaf     Length   Source-sink  cell area  cap    cap
                   Cells  Fanout    Fanout    Fanout  Fanout   (um)     Resistance   (um^2)     (pF)   (pF)
                                                                        (Ohms)                         
------------------------------------------------------------------------------------------------------------
  0    109    0      0       27       21.8      32    31.981   395.780    873.033     238.716   2.702  2.233
------------------------------------------------------------------------------------------------------------

Clock Sink Summary across all clock trees:
==========================================

-------------------------------------------------------------------------------------------------------------------------------
Explicit      Implicit      Explicit     Implicit     Explicit   Implicit   Posedge  Negedge  Memory  Enable  Non enable  Other
exclude pins  exclude pins  ignore pins  ignore pins  stop pins  stop pins  Flops    Flops    Clock   Latch   Latch       Sinks
                                                                                              Pins    Sinks   Sinks       
-------------------------------------------------------------------------------------------------------------------------------
     0             0             0            0           0          0       3358       0       0       0         0         0
-------------------------------------------------------------------------------------------------------------------------------

Physical metrics across all clock trees:
========================================

-----------------------------------------------------------------------
Metric                               Minimum  Average  Maximum  Std.dev
-----------------------------------------------------------------------
Source-sink routed net length (um)    24.570   63.755  395.780   46.602
Source-sink manhattan distance (um)   19.657   47.853  395.620   44.499
Source-sink resistance (Ohm)         115.074  214.273  873.033  100.387
-----------------------------------------------------------------------

Transition distribution for half-corner typical_delay_corner:both.late:
=======================================================================

----------------------------------------------------------------------------------------------------------------------------------------------------------------
Net Type    Target    Count    Average    Std. Dev.    Min      Max      Distribution                                                                Over Target
----------------------------------------------------------------------------------------------------------------------------------------------------------------
Trunk       0.800        5      0.091       0.017      0.074    0.114    {5 <= 0.480ns, 0 <= 0.640ns, 0 <= 0.720ns, 0 <= 0.760ns, 0 <= 0.800ns}           -
Leaf        0.800      105      0.135       0.017      0.110    0.184    {105 <= 0.480ns, 0 <= 0.640ns, 0 <= 0.720ns, 0 <= 0.760ns, 0 <= 0.800ns}         -
----------------------------------------------------------------------------------------------------------------------------------------------------------------

Count of violations across all clock trees:
===========================================

---------------------------------------------------------------------------------------
Clock Tree  # Max capacitance  # Max resistance  # Max length  # Max fanout  # Slew
Name        violations         violations        violations    violations    violations
---------------------------------------------------------------------------------------
clk                 0                 0               0             0            0
---------------------------------------------------------------------------------------
Total               0                 0               0             0            0
---------------------------------------------------------------------------------------

Note the above table per clock tree is based on CCOpt clock tree view. The violations are counted across half corners.

Found a total of 0 clock tree pins with max capacitance violations.
Found a total of 0 clock tree nets with max resistance violations.
Found a total of 0 clock tree nets with max length violations.
Found a total of 0 clock tree nets with max fanout violations.
Found a total of 0 clock tree pins with a slew violation.

Report for clock tree: clk:
===========================

Clock Tree Gating Structure (Logical):

# Full cycle clock gates   : 0
Minimum clock gating depth : 0
Maximum clock gating depth : 0
Clock gate area (um^2)     : 0.000

Clock Tree Buffering Structure (Logical):

# Buffers             : 109
# Inverters           :   0
  Total               : 109
Minimum depth         :   2
Maximum depth         :   2
Buffering area (um^2) : 238.716

Clock Tree Level Structure (Logical):

-----------------------------------------------------------------
Level  Full   Posedge  Negedge  Memory  Enable  Non enable  Other
       Cycle  Flops    Flops    Clock   Latch   Latch       Sinks
                                Pins    Sinks   Sinks       
-----------------------------------------------------------------
root     0     3358       0       0       0         0         0
-----------------------------------------------------------------
Total    0     3358       0       0       0         0         0
-----------------------------------------------------------------

Target and measured clock slews (in ns):

------------------------------------------------------------------------------------------------------------------------------------------
Timing Corner                    Worst Rising  Worst Falling  Worst Rising  Worst Falling  Leaf Slew    Leaf Slew  Trunk Slew   Trunk Slew
                                 Leaf Slew     Leaf Slew      Trunk Slew    Trunk Slew     Target Type  Target     Target Type  Target
------------------------------------------------------------------------------------------------------------------------------------------
typical_delay_corner:both.early     0.184          0.184         0.112          0.114      ignored          -      ignored          -
typical_delay_corner:both.late      0.184          0.184         0.112          0.114      explicit      0.800     explicit      0.800
------------------------------------------------------------------------------------------------------------------------------------------

* - indicates that target was not met.

auto extracted - target was extracted from SDC.
auto computed - target was computed when balancing trees.

