Checking routing tracks.....
Checking other grids.....
Checking FINFET Grid is on Manufacture Grid.....
Checking core/die box is on Grid.....
Checking snap rule ......
Checking Row is on grid......
INFO (IMPFP-7241): Tech site CoreSite has no symmetry Y. 	Current symmetry setting : isSymmetryR90 false; isSymmetryX : false; isSymmetryY : false;

Checking AreaIO row.....
Checking row out of die ...
Checking routing blockage.....
Checking placement blockage.....
placeBlkGrid grid_type = 1 
Checking components.....
Checking IO Pads out of die...
Checking constraints (guide/region/fence).....

Checking Preroutes.....
No. of regular pre-routes not on tracks : 0 

Reporting Utilizations.....

Core utilization  = 58.647373
Effective Utilizations
**Info: (IMPSP-307): Design contains fractional 3 cells.
Average macro density = 0.000.
Average module density = 0.586.
Pure std cell Density 0.586474
 Density for the design = 0.586.
       = stdcell_area 177118 sites (60574 um^2) / alloc_area 302005 sites (103286 um^2).
Pin Density = 0.2693.
            = total # of pins 81329 / total area 302005.
*** Message Summary: 0 warning(s), 0 error(s)

