============================================================
  Generated by:           Genus(TM) Synthesis Solution 22.17-s071_1
  Generated on:           Jun 13 2026  04:45:08 pm
  Module:                 DatapathPipelined
  Technology libraries:   typical 
                          physical_cells 
  Operating conditions:   typical 
  Interconnect mode:      global
  Area mode:              physical library
============================================================

                                  Leakage  
   Gate    Instances    Area    Power (nW)   Library  
------------------------------------------------------
ADDFHX1            3     22.572      1.195    typical 
ADDFHX2            6     49.248      2.840    typical 
ADDFX1          2448  12558.240    733.338    typical 
ADDFX2             1      7.866      0.374    typical 
ADDHX1           606   2279.772    131.034    typical 
ADDHX2             1      5.130      0.282    typical 
AND2X1          1079   1476.072     82.211    typical 
AND2X2             1      1.710      0.114    typical 
AND3X1             2      4.788      0.190    typical 
AND3XL            15     30.780      1.226    typical 
AND4X1             7     16.758      0.819    typical 
AND4XL             1      2.394      0.104    typical 
AO21X1            53    126.882      5.380    typical 
AO22X1          1148   3140.928    131.880    typical 
AOI211X1           3      7.182      0.477    typical 
AOI211XL          19     38.988      1.703    typical 
AOI21X1          159    271.890     18.327    typical 
AOI21X2            6     16.416      1.382    typical 
AOI221X1         178    426.132     33.040    typical 
AOI221X2           2      8.892      0.746    typical 
AOI222X1         133    409.374     28.408    typical 
AOI222X2           1      5.472      0.428    typical 
AOI22X1         1342   2753.784    191.753    typical 
AOI22X2            2      7.524      0.572    typical 
AOI2BB1X1         34     69.768      4.108    typical 
AOI2BB1X2          2      6.156      0.382    typical 
AOI2BB2X1          9     30.780      1.688    typical 
AOI31X1           21     43.092      3.099    typical 
AOI32X1           84    201.096     14.712    typical 
AOI33XL            3      7.182      0.354    typical 
BUFX2            640   1094.400     64.090    typical 
BUFX3              4      8.208      0.623    typical 
CLKXOR2X1         56    153.216      8.053    typical 
CLKXOR2X2          2      6.840      0.362    typical 
DFFHQX1         2940  16087.680    971.023    typical 
DFFRHQX1          14     86.184      5.284    typical 
DFFRX1             2     13.680      0.717    typical 
DFFTRXL          191   1502.406     58.940    typical 
DFFX1            208   1493.856     67.970    typical 
EDFFTRXL           3     34.884      1.378    typical 
INVX1           1907   1304.388     71.265    typical 
INVX2              4      4.104      0.299    typical 
INVXL              1      0.684      0.022    typical 
MX2X1            183    438.102     23.436    typical 
MXI2XL           178    426.132     16.192    typical 
NAND2BX1         391    534.888     39.048    typical 
NAND2BXL          58     79.344      4.041    typical 
NAND2X1          384    393.984     28.628    typical 
NAND3BX1           3      6.156      0.410    typical 
NAND3BXL          53     90.630      4.858    typical 
NAND3X1          119    203.490     13.246    typical 
NAND3X2            1      2.736      0.223    typical 
NAND4BX1          13     31.122      2.249    typical 
NAND4X1            2      4.104      0.295    typical 
NAND4X2            1      3.762      0.295    typical 
NAND4XL          296    506.160     26.012    typical 
NOR2BX1         1934   2645.712    178.883    typical 
NOR2BX2            1      2.736      0.163    typical 
NOR2X1           683    700.758     47.931    typical 
NOR2X2             4      6.840      0.561    typical 
NOR3BX1           29     59.508      3.630    typical 
NOR3X1            27     46.170      2.778    typical 
NOR4BBX1           1      2.736      0.180    typical 
NOR4BX1            8     19.152      1.263    typical 
NOR4X1            31     53.010      4.203    typical 
OA21X1            46     94.392      4.321    typical 
OA22X1            54    129.276      6.357    typical 
OAI211X1         157    268.470     22.605    typical 
OAI211X2           2      8.208      0.576    typical 
OAI21X1          122    208.620     13.088    typical 
OAI221X1          93    222.642     16.429    typical 
OAI221X2           1      4.788      0.353    typical 
OAI222X1          59    161.424     12.352    typical 
OAI222X2           1      5.814      0.419    typical 
OAI22X1         1609   3301.668    229.839    typical 
OAI2BB1X1        310    530.100     35.878    typical 
OAI2BB1X2          1      3.078      0.188    typical 
OAI31X1           19     38.988      2.660    typical 
OAI32X1           33     79.002      5.827    typical 
OAI33X1            7     19.152      1.525    typical 
OR2X1            238    325.584     20.961    typical 
OR2XL             31     42.408      2.261    typical 
OR3X1             25     51.300      2.835    typical 
OR3XL              3      6.156      0.295    typical 
OR4X1             97    199.044     13.458    typical 
XNOR2X1         1747   4182.318    256.550    typical 
XNOR2X2            1      3.078      0.184    typical 
------------------------------------------------------
total          22397  61960.140   3689.678            


                                            Leakage  Leakage 
     Type      Instances    Area   Area % Power (nW) Power % 
-------------------------------------------------------------
sequential          3358 19218.690   31.0   1105.312    30.0 
inverter            1912  1309.176    2.1     71.586     1.9 
buffer               644  1102.608    1.8     64.713     1.8 
logic              16483 40329.666   65.1   2448.066    66.3 
physical_cells         0     0.000    0.0      0.000     0.0 
-------------------------------------------------------------
total              22397 61960.140  100.0   3689.678   100.0 

