============================================================
  Generated by:           Genus(TM) Synthesis Solution 22.17-s071_1
  Generated on:           Jun 13 2026  04:39:02 pm
  Module:                 DatapathPipelined
  Technology libraries:   typical 
                          physical_cells 
  Operating conditions:   typical 
  Interconnect mode:      global
  Area mode:              physical library
============================================================

Timing
--------

Clock  Period 
--------------
clk   10000.0 


  Cost    Critical         Violating 
 Group   Path Slack  TNS     Paths   
-------------------------------------
clk          4547.4   0.0          0 
default    No paths   0.0            
-------------------------------------
Total                 0.0          0 

Instance Count
--------------
Leaf Instance Count             56217 
Physical Instance count             0 
Sequential Instance Count        3358 
Combinational Instance Count    52859 
Hierarchical Instance Count        62 

Area
----
Cell Area                          173375.039
Physical Cell Area                 0.000
Total Cell Area (Cell+Physical)    173375.039
Net Area                           122.303
Total Area (Cell+Physical+Net)     173497.342

Runtime                            52.814029 seconds
Elapsed Runtime                    370 seconds
Genus peak memory usage            2048.97 
Innovus peak memory usage          no_value 
Hostname                           vlsiktmt.tailff29c4.ts.net
