============================================================
  Generated by:           Genus(TM) Synthesis Solution 22.17-s071_1
  Generated on:           Jun 13 2026  04:44:05 pm
  Module:                 DatapathPipelined
  Technology libraries:   typical 
                          physical_cells 
  Operating conditions:   typical 
  Interconnect mode:      global
  Area mode:              physical library
============================================================

                                  Leakage  
   Gate    Instances    Area    Power (nW)   Library  
------------------------------------------------------
ADDFHX1            3     22.572      1.195    typical 
ADDFHX2           10     82.080      4.733    typical 
ADDFHX4            8     76.608      5.634    typical 
ADDFHXL            1      7.524      0.384    typical 
ADDFX1          2333  11968.290    698.887    typical 
ADDFX2           102    802.332     38.191    typical 
ADDHX1           594   2234.628    128.439    typical 
ADDHX2            14     71.820      3.952    typical 
ADDHX4             1      7.182      0.493    typical 
AND2X1          1082   1480.176     82.440    typical 
AND2X2             1      1.710      0.114    typical 
AND2X4             1      2.736      0.221    typical 
AND3X1             2      4.788      0.190    typical 
AND3XL            17     34.884      1.390    typical 
AND4X1             7     16.758      0.819    typical 
AO21X1            28     67.032      2.842    typical 
AO21X2            25     68.400      3.474    typical 
AO22X1          1148   3140.928    131.880    typical 
AOI211X1           1      2.394      0.159    typical 
AOI211X2           2      6.840      0.636    typical 
AOI211X4           1      6.498      0.636    typical 
AOI211XL          18     36.936      1.613    typical 
AOI21X1          144    246.240     16.598    typical 
AOI21X2           20     54.720      4.608    typical 
AOI21X4            2     10.260      0.922    typical 
AOI221X1         173    414.162     32.112    typical 
AOI221X2           4     17.784      1.492    typical 
AOI221X4           3     23.598      2.240    typical 
AOI222X1         131    403.218     27.981    typical 
AOI222X2           1      5.472      0.428    typical 
AOI222X4           2     19.152      1.711    typical 
AOI22X1         1337   2743.524    191.039    typical 
AOI22X2            4     15.048      1.143    typical 
AOI22X4            2     12.312      1.143    typical 
AOI2BB1X1         34     69.768      4.108    typical 
AOI2BB1X2          1      3.078      0.191    typical 
AOI2BB1X4          2      8.208      0.736    typical 
AOI2BB2X1          8     27.360      1.500    typical 
AOI2BB2X2          1      5.130      0.330    typical 
AOI31X1           19     38.988      2.804    typical 
AOI31X2            2      6.840      0.590    typical 
AOI32X1           84    201.096     14.712    typical 
AOI33XL            3      7.182      0.354    typical 
BUFX16             4     27.360      3.277    typical 
BUFX2            386    660.060     38.654    typical 
BUFX3            273    560.196     42.543    typical 
BUFX4              1      2.394      0.193    typical 
BUFX6             64    196.992     19.694    typical 
BUFX8              3     11.286      1.144    typical 
CLKAND2X2          4      8.208      0.514    typical 
CLKBUFX2           2      3.420      0.200    typical 
CLKINVX1         403    413.478     15.060    typical 
CLKINVX2         151    206.568     11.296    typical 
CLKINVX4          42     71.820      6.284    typical 
CLKINVX6          28     67.032      6.174    typical 
CLKINVX8           3      9.234      0.883    typical 
CLKXOR2X1         57    155.952      8.197    typical 
DFFHQX1         3088  16897.536   1019.905    typical 
DFFQX2            15     97.470      4.731    typical 
DFFRX1            16    109.440      5.739    typical 
DFFTRXL          191   1502.406     58.940    typical 
DFFX1             45    323.190     14.705    typical 
EDFFTRXL           3     34.884      1.378    typical 
INVX1           1829   1251.036     68.350    typical 
INVX2             31     31.806      2.319    typical 
INVX6              1      2.394      0.220    typical 
INVXL              1      0.684      0.022    typical 
MX2X1            185    442.890     23.692    typical 
MXI2XL           179    428.526     16.283    typical 
NAND2BX1         390    533.520     38.949    typical 
NAND2BX2           8     19.152      1.396    typical 
NAND2BXL          51     69.768      3.553    typical 
NAND2X1          384    393.984     28.628    typical 
NAND2X2            7     11.970      1.044    typical 
NAND2X4            2      6.293      0.597    typical 
NAND3BX1           1      2.052      0.137    typical 
NAND3BX2           1      3.078      0.248    typical 
NAND3BXL          52     88.920      4.767    typical 
NAND3X1          110    188.100     12.244    typical 
NAND3X2            6     16.416      1.336    typical 
NAND3X4            1      4.788      0.445    typical 
NAND4BX1          13     31.122      2.249    typical 
NAND4X1            1      2.052      0.148    typical 
NAND4X2            1      3.762      0.295    typical 
NAND4XL          295    504.450     25.925    typical 
NOR2BX1         1913   2616.984    176.941    typical 
NOR2BX2           23     62.928      3.741    typical 
NOR2X1           680    697.680     47.720    typical 
NOR2X2            10     17.100      1.404    typical 
NOR2X4             1      3.078      0.281    typical 
NOR3BX1           27     55.404      3.380    typical 
NOR3BX2            1      3.420      0.228    typical 
NOR3X1            24     41.040      2.469    typical 
NOR4BBX1           1      2.736      0.180    typical 
NOR4BX1            8     19.152      1.263    typical 
NOR4X1            31     53.010      4.203    typical 
OA21X1            46     94.392      4.321    typical 
OA22X1            56    134.064      6.592    typical 
OAI211X1         150    256.500     21.597    typical 
OAI211X2           7     28.728      2.016    typical 
OAI211X4           1      6.498      0.575    typical 
OAI21X1          113    193.230     12.122    typical 
OAI21X2            7     21.546      1.502    typical 
OAI21X4            2      9.576      0.858    typical 
OAI221X1          89    213.066     15.722    typical 
OAI221X2           2      9.576      0.707    typical 
OAI221X4           1      7.866      0.706    typical 
OAI222X1          58    158.688     12.142    typical 
OAI222X2           1      5.814      0.419    typical 
OAI222X4           1      9.234      0.837    typical 
OAI22X1         1601   3285.252    228.696    typical 
OAI22X2            8     27.360      2.285    typical 
OAI2BB1X1        308    526.680     35.647    typical 
OAI2BB1X2          4     12.312      0.751    typical 
OAI31X1           18     36.936      2.520    typical 
OAI31X2            1      3.762      0.280    typical 
OAI32X1           33     79.002      5.827    typical 
OAI33X1            7     19.152      1.525    typical 
OR2X1            245    335.160     21.577    typical 
OR2X2              1      1.710      0.127    typical 
OR2X4              1      2.736      0.245    typical 
OR2XL             30     41.040      2.188    typical 
OR3X1             25     51.300      2.835    typical 
OR3X2              3      7.182      0.452    typical 
OR4X1             94    192.888     13.042    typical 
OR4X4              2      7.524      0.648    typical 
OR4X6              1      5.472      0.569    typical 
XNOR2X1         1751   4191.894    257.138    typical 
XNOR2X2            1      3.078      0.184    typical 
------------------------------------------------------
total          23091  63423.695   3805.883            


                                            Leakage  Leakage 
     Type      Instances    Area   Area % Power (nW) Power % 
-------------------------------------------------------------
sequential          3358 18964.926   29.9   1105.398    29.0 
inverter            2489  2054.052    3.2    110.608     2.9 
buffer               733  1461.708    2.3    105.706     2.8 
logic              16511 40943.009   64.6   2484.171    65.3 
physical_cells         0     0.000    0.0      0.000     0.0 
-------------------------------------------------------------
total              23091 63423.695  100.0   3805.883   100.0 

