============================================================
  Generated by:           Genus(TM) Synthesis Solution 22.17-s071_1
  Generated on:           Jun 13 2026  04:44:02 pm
  Module:                 DatapathPipelined
  Technology libraries:   typical 
                          physical_cells 
  Operating conditions:   typical 
  Interconnect mode:      global
  Area mode:              physical library
============================================================

Timing
--------

Clock  Period 
--------------
clk   10000.0 


  Cost    Critical         Violating 
 Group   Path Slack  TNS     Paths   
-------------------------------------
clk           331.6   0.0          0 
default    No paths   0.0            
-------------------------------------
Total                 0.0          0 

Instance Count
--------------
Leaf Instance Count             23091 
Physical Instance count             0 
Sequential Instance Count        3358 
Combinational Instance Count    19733 
Hierarchical Instance Count         1 

Area
----
Cell Area                          63423.695
Physical Cell Area                 0.000
Total Cell Area (Cell+Physical)    63423.695
Net Area                           30006.364
Total Area (Cell+Physical+Net)     93430.059

Runtime                            245.295003 seconds
Elapsed Runtime                    669 seconds
Genus peak memory usage            2035.92 
Innovus peak memory usage          no_value 
Hostname                           vlsiktmt.tailff29c4.ts.net
