============================================================
  Generated by:           Genus(TM) Synthesis Solution 22.17-s071_1
  Generated on:           Jun 13 2026  04:45:01 pm
  Module:                 DatapathPipelined
  Technology libraries:   typical 
                          physical_cells 
  Operating conditions:   typical 
  Interconnect mode:      global
  Area mode:              physical library
============================================================

Timing
--------

Clock  Period 
--------------
clk   10000.0 


  Cost    Critical         Violating 
 Group   Path Slack  TNS     Paths   
-------------------------------------
clk             2.1   0.0          0 
default    No paths   0.0            
-------------------------------------
Total                 0.0          0 

Instance Count
--------------
Leaf Instance Count             22397 
Physical Instance count             0 
Sequential Instance Count        3358 
Combinational Instance Count    19039 
Hierarchical Instance Count         1 

Area
----
Cell Area                          61960.140
Physical Cell Area                 0.000
Total Cell Area (Cell+Physical)    61960.140
Net Area                           29551.420
Total Area (Cell+Physical+Net)     91511.560

Runtime                            245.295003 seconds
Elapsed Runtime                    728 seconds
Genus peak memory usage            2031.74 
Innovus peak memory usage          no_value 
Hostname                           vlsiktmt.tailff29c4.ts.net
